Determining if the pthread_create exist failed with the following output:
Change Dir: /home/jess/desafio_senai/drone_ws/build/CMakeFiles/CMakeTmp

Run Build Command:"/usr/bin/make" "cmTC_c363b/fast"
/usr/bin/make -f CMakeFiles/cmTC_c363b.dir/build.make CMakeFiles/cmTC_c363b.dir/build
make[1]: Entering directory '/home/jess/desafio_senai/drone_ws/build/CMakeFiles/CMakeTmp'
Building C object CMakeFiles/cmTC_c363b.dir/CheckSymbolExists.c.o
/usr/bin/cc    -o CMakeFiles/cmTC_c363b.dir/CheckSymbolExists.c.o   -c /home/jess/desafio_senai/drone_ws/build/CMakeFiles/CMakeTmp/CheckSymbolExists.c
Linking C executable cmTC_c363b
/usr/bin/cmake -E cmake_link_script CMakeFiles/cmTC_c363b.dir/link.txt --verbose=1
/usr/bin/cc      -rdynamic CMakeFiles/cmTC_c363b.dir/CheckSymbolExists.c.o  -o cmTC_c363b 
CMakeFiles/cmTC_c363b.dir/CheckSymbolExists.c.o: Na função "main":
CheckSymbolExists.c:(.text+0x1b): referência não definida para "pthread_create"
collect2: error: ld returned 1 exit status
CMakeFiles/cmTC_c363b.dir/build.make:97: recipe for target 'cmTC_c363b' failed
make[1]: *** [cmTC_c363b] Error 1
make[1]: Leaving directory '/home/jess/desafio_senai/drone_ws/build/CMakeFiles/CMakeTmp'
Makefile:126: recipe for target 'cmTC_c363b/fast' failed
make: *** [cmTC_c363b/fast] Error 2

File /home/jess/desafio_senai/drone_ws/build/CMakeFiles/CMakeTmp/CheckSymbolExists.c:
/* */
#include <pthread.h>

int main(int argc, char** argv)
{
  (void)argv;
#ifndef pthread_create
  return ((int*)(&pthread_create))[argc];
#else
  (void)argc;
  return 0;
#endif
}

Determining if the function pthread_create exists in the pthreads failed with the following output:
Change Dir: /home/jess/desafio_senai/drone_ws/build/CMakeFiles/CMakeTmp

Run Build Command:"/usr/bin/make" "cmTC_b84ae/fast"
/usr/bin/make -f CMakeFiles/cmTC_b84ae.dir/build.make CMakeFiles/cmTC_b84ae.dir/build
make[1]: Entering directory '/home/jess/desafio_senai/drone_ws/build/CMakeFiles/CMakeTmp'
Building C object CMakeFiles/cmTC_b84ae.dir/CheckFunctionExists.c.o
/usr/bin/cc   -DCHECK_FUNCTION_EXISTS=pthread_create   -o CMakeFiles/cmTC_b84ae.dir/CheckFunctionExists.c.o   -c /usr/share/cmake-3.10/Modules/CheckFunctionExists.c
Linking C executable cmTC_b84ae
/usr/bin/cmake -E cmake_link_script CMakeFiles/cmTC_b84ae.dir/link.txt --verbose=1
/usr/bin/cc  -DCHECK_FUNCTION_EXISTS=pthread_create    -rdynamic CMakeFiles/cmTC_b84ae.dir/CheckFunctionExists.c.o  -o cmTC_b84ae -lpthreads 
/usr/bin/ld: não foi possível localizar -lpthreads
collect2: error: ld returned 1 exit status
CMakeFiles/cmTC_b84ae.dir/build.make:97: recipe for target 'cmTC_b84ae' failed
make[1]: *** [cmTC_b84ae] Error 1
make[1]: Leaving directory '/home/jess/desafio_senai/drone_ws/build/CMakeFiles/CMakeTmp'
Makefile:126: recipe for target 'cmTC_b84ae/fast' failed
make: *** [cmTC_b84ae/fast] Error 2


